<?xml version="1.0" encoding="UTF-8"?>
<testng-results ignored="0" total="2" passed="2" failed="0" skipped="0">
  <reporter-output>
  </reporter-output>
  <suite started-at="2023-03-15T16:00:14 EET" name="WPT" finished-at="2023-03-15T16:00:42 EET" duration-ms="27300">
    <groups>
      <group name="test1">
        <method signature="TestNg.case_1(java.lang.String)[pri:0, instance:Main.TestNg@1f59a598]" name="case_1" class="Main.TestNg"/>
        <method signature="Static_Test_1.test1(java.lang.String)[pri:0, instance:Tests.Static_Test_1@32910148]" name="test1" class="Tests.Static_Test_1"/>
      </group> <!-- test1 -->
    </groups>
    <test started-at="2023-03-15T16:00:14 EET" name="Dex-Trade Regression" finished-at="2023-03-15T16:00:42 EET" duration-ms="27300">
      <class name="Tests.Static_Test_1">
        <test-method signature="test1(java.lang.String)[pri:0, instance:Tests.Static_Test_1@32910148]" started-at="2023-03-15T16:00:32 EET" name="test1" finished-at="2023-03-15T16:00:42 EET" duration-ms="9665" status="PASS">
          <params>
            <param index="0">
              <value>
                <![CDATA[https://dex-trade.com]]>
              </value>
            </param>
          </params>
          <reporter-output>
          </reporter-output>
        </test-method> <!-- test1 -->
      </class> <!-- Tests.Static_Test_1 -->
      <class name="Main.TestNg">
        <test-method is-config="true" signature="setUp(java.lang.String)[pri:0, instance:Main.TestNg@1f59a598]" started-at="2023-03-15T16:00:14 EET" name="setUp" finished-at="2023-03-15T16:00:22 EET" duration-ms="7254" status="PASS">
          <params>
            <param index="0">
              <value>
                <![CDATA[Firefox]]>
              </value>
            </param>
          </params>
          <reporter-output>
          </reporter-output>
        </test-method> <!-- setUp -->
        <test-method signature="case_1(java.lang.String)[pri:0, instance:Main.TestNg@1f59a598]" started-at="2023-03-15T16:00:22 EET" name="case_1" finished-at="2023-03-15T16:00:32 EET" duration-ms="10319" status="PASS">
          <params>
            <param index="0">
              <value>
                <![CDATA[https://dex-trade.com]]>
              </value>
            </param>
          </params>
          <reporter-output>
          </reporter-output>
        </test-method> <!-- case_1 -->
      </class> <!-- Main.TestNg -->
    </test> <!-- Dex-Trade Regression -->
  </suite> <!-- WPT -->
</testng-results>
